  [1m[35m (1545.6ms)[0m  [1m[35mCREATE DATABASE "cats_development" ENCODING = 'unicode'[0m
  ↳ bin/rails:9
  [1m[35m (487.9ms)[0m  [1m[35mCREATE DATABASE "cats_test" ENCODING = 'unicode'[0m
  ↳ bin/rails:9
  [1m[35m (380.1ms)[0m  [1m[35mCREATE TABLE "schema_migrations" ("version" character varying NOT NULL PRIMARY KEY)[0m
  ↳ bin/rails:9
  [1m[35m (4.8ms)[0m  [1m[35mCREATE TABLE "ar_internal_metadata" ("key" character varying NOT NULL PRIMARY KEY, "value" character varying, "created_at" timestamp NOT NULL, "updated_at" timestamp NOT NULL)[0m
  ↳ bin/rails:9
  [1m[35m (28.5ms)[0m  [1m[34mSELECT pg_try_advisory_lock(782232805093510260)[0m
  ↳ bin/rails:9
  [1m[35m (12.6ms)[0m  [1m[34mSELECT "schema_migrations"."version" FROM "schema_migrations" ORDER BY "schema_migrations"."version" ASC[0m
  ↳ bin/rails:9
Migrating to CreateCats (20190402211428)
  [1m[35m (20.5ms)[0m  [1m[35mBEGIN[0m
  ↳ bin/rails:9
  [1m[35m (118.2ms)[0m  [1m[35mCREATE TABLE "cats" ("id" bigserial primary key, "birth_date" date NOT NULL, "color" character varying, "name" character varying NOT NULL, "sex" character varying(1), "description" text, "created_at" timestamp NOT NULL, "updated_at" timestamp NOT NULL)[0m
  ↳ db/migrate/20190402211428_create_cats.rb:3
  [1m[35m (1.4ms)[0m  [1m[35mCREATE  INDEX  "index_cats_on_name" ON "cats"  ("name")[0m
  ↳ db/migrate/20190402211428_create_cats.rb:12
  [1m[36mActiveRecord::SchemaMigration Create (62.1ms)[0m  [1m[32mINSERT INTO "schema_migrations" ("version") VALUES ($1) RETURNING "version"[0m  [["version", "20190402211428"]]
  ↳ bin/rails:9
  [1m[35m (1.1ms)[0m  [1m[35mCOMMIT[0m
  ↳ bin/rails:9
  [1m[36mActiveRecord::InternalMetadata Load (19.4ms)[0m  [1m[34mSELECT  "ar_internal_metadata".* FROM "ar_internal_metadata" WHERE "ar_internal_metadata"."key" = $1 LIMIT $2[0m  [["key", "environment"], ["LIMIT", 1]]
  ↳ bin/rails:9
  [1m[35m (0.4ms)[0m  [1m[35mBEGIN[0m
  ↳ bin/rails:9
  [1m[36mActiveRecord::InternalMetadata Create (12.0ms)[0m  [1m[32mINSERT INTO "ar_internal_metadata" ("key", "value", "created_at", "updated_at") VALUES ($1, $2, $3, $4) RETURNING "key"[0m  [["key", "environment"], ["value", "development"], ["created_at", "2019-04-02 21:20:48.836704"], ["updated_at", "2019-04-02 21:20:48.836704"]]
  ↳ bin/rails:9
  [1m[35m (0.5ms)[0m  [1m[35mCOMMIT[0m
  ↳ bin/rails:9
  [1m[35m (0.3ms)[0m  [1m[34mSELECT pg_advisory_unlock(782232805093510260)[0m
  ↳ bin/rails:9
  [1m[35m (1.1ms)[0m  [1m[34mSELECT "schema_migrations"."version" FROM "schema_migrations" ORDER BY "schema_migrations"."version" ASC[0m
  ↳ bin/rails:9
  [1m[35m (0.3ms)[0m  [1m[35mBEGIN[0m
  [1m[35m (16.7ms)[0m  [1m[31mROLLBACK[0m
  [1m[35m (0.3ms)[0m  [1m[35mBEGIN[0m
  [1m[36mCat Create (25.7ms)[0m  [1m[32mINSERT INTO "cats" ("birth_date", "color", "name", "sex", "created_at", "updated_at") VALUES ($1, $2, $3, $4, $5, $6) RETURNING "id"[0m  [["birth_date", "2015-04-02"], ["color", "orange"], ["name", "Cat"], ["sex", "M"], ["created_at", "2019-04-02 21:41:16.241920"], ["updated_at", "2019-04-02 21:41:16.241920"]]
  [1m[35m (23.3ms)[0m  [1m[35mCOMMIT[0m
  [1m[36mCat Load (40.3ms)[0m  [1m[34mSELECT  "cats".* FROM "cats" ORDER BY "cats"."id" ASC LIMIT $1[0m  [["LIMIT", 1]]
Started GET "/cats" for ::1 at 2019-04-02 14:51:43 -0700
  [1m[35m (14.4ms)[0m  [1m[34mSELECT "schema_migrations"."version" FROM "schema_migrations" ORDER BY "schema_migrations"."version" ASC[0m
  ↳ /usr/local/var/rbenv/versions/2.5.0/lib/ruby/gems/2.5.0/gems/activerecord-5.2.3/lib/active_record/log_subscriber.rb:98
Processing by CatsController#index as HTML
  Rendering cats/index.html.erb within layouts/application
  [1m[36mCat Load (1.0ms)[0m  [1m[34mSELECT "cats".* FROM "cats"[0m
  ↳ app/views/cats/index.html.erb:2
  Rendered cats/index.html.erb within layouts/application (38.3ms)
Completed 200 OK in 2129ms (Views: 1991.6ms | ActiveRecord: 9.4ms)


Started GET "/cats/1" for ::1 at 2019-04-02 14:51:50 -0700
Processing by CatsController#show as HTML
  Parameters: {"id"=>"1"}
  [1m[36mCat Load (0.8ms)[0m  [1m[34mSELECT  "cats".* FROM "cats" WHERE "cats"."id" = $1 LIMIT $2[0m  [["id", 1], ["LIMIT", 1]]
  ↳ app/controllers/cats_controller.rb:8
  Rendering cats/show.html.erb within layouts/application
  Rendered cats/show.html.erb within layouts/application (0.5ms)
Completed 200 OK in 78ms (Views: 28.6ms | ActiveRecord: 1.2ms)


Started GET "/cats/1" for ::1 at 2019-04-02 14:54:51 -0700
Processing by CatsController#show as HTML
  Parameters: {"id"=>"1"}
  [1m[36mCat Load (0.7ms)[0m  [1m[34mSELECT  "cats".* FROM "cats" WHERE "cats"."id" = $1 LIMIT $2[0m  [["id", 1], ["LIMIT", 1]]
  ↳ app/controllers/cats_controller.rb:8
  Rendering cats/show.html.erb within layouts/application
  Rendered cats/show.html.erb within layouts/application (23.3ms)
Completed 200 OK in 151ms (Views: 148.9ms | ActiveRecord: 0.7ms)


Started GET "/cats/new" for ::1 at 2019-04-02 15:15:10 -0700
Processing by CatsController#new as HTML
  Rendering cats/new.html.erb within layouts/application
  Rendered cats/new.html.erb within layouts/application (2.3ms)
Completed 500 Internal Server Error in 37ms (ActiveRecord: 0.0ms)



SyntaxError - syntax error, unexpected end-of-input, expecting keyword_end
          end
             ^:
  app/views/cats/new.html.erb:32:in `'
  app/controllers/cats_controller.rb:17:in `new'

Started POST "/__better_errors/ee077690df3d27f6/variables" for ::1 at 2019-04-02 15:15:11 -0700
Started GET "/cats/new" for ::1 at 2019-04-02 15:15:36 -0700
Processing by CatsController#new as HTML
  Rendering cats/new.html.erb within layouts/application
  Rendered cats/new.html.erb within layouts/application (66.1ms)
Completed 500 Internal Server Error in 99ms (ActiveRecord: 0.0ms)



NameError - uninitialized constant ActionView::CompiledTemplates::COLORS:
  app/views/cats/new.html.erb:14:in `_app_views_cats_new_html_erb__3422494976146321380_70313267901380'
  app/controllers/cats_controller.rb:17:in `new'

Started POST "/__better_errors/d9e8feae536ff824/variables" for ::1 at 2019-04-02 15:15:36 -0700
Started GET "/cats/new" for ::1 at 2019-04-02 15:15:52 -0700
Processing by CatsController#new as HTML
  Rendering cats/new.html.erb within layouts/application
  Rendered cats/new.html.erb within layouts/application (7.8ms)
Completed 500 Internal Server Error in 32ms (ActiveRecord: 0.0ms)



NoMethodError - undefined method `COLORS' for nil:NilClass:
  app/views/cats/new.html.erb:14:in `_app_views_cats_new_html_erb__3422494976146321380_70313262674340'
  app/controllers/cats_controller.rb:17:in `new'

Started POST "/__better_errors/0f396375f144a343/variables" for ::1 at 2019-04-02 15:15:52 -0700
Started GET "/cats/new" for ::1 at 2019-04-02 15:15:59 -0700
Processing by CatsController#new as HTML
  Rendering cats/new.html.erb within layouts/application
  Rendered cats/new.html.erb within layouts/application (9.3ms)
Completed 500 Internal Server Error in 24ms (ActiveRecord: 0.0ms)



NoMethodError - undefined method `COLORS' for nil:NilClass:
  app/views/cats/new.html.erb:14:in `_app_views_cats_new_html_erb__3422494976146321380_70313211403700'
  app/controllers/cats_controller.rb:17:in `new'

Started POST "/__better_errors/27481e1b5a022344/variables" for ::1 at 2019-04-02 15:16:00 -0700
Started GET "/cats/new" for ::1 at 2019-04-02 15:16:09 -0700
Processing by CatsController#new as HTML
  Rendering cats/new.html.erb within layouts/application
  Rendered cats/new.html.erb within layouts/application (11.5ms)
Completed 500 Internal Server Error in 21ms (ActiveRecord: 0.0ms)



NameError - uninitialized constant ActionView::CompiledTemplates::COLORS:
  app/views/cats/new.html.erb:14:in `_app_views_cats_new_html_erb__3422494976146321380_70313267391120'
  app/controllers/cats_controller.rb:17:in `new'

Started POST "/__better_errors/1651b3bbdc60c72f/variables" for ::1 at 2019-04-02 15:16:09 -0700
Started GET "/cats/new" for ::1 at 2019-04-02 15:16:21 -0700
Processing by CatsController#new as HTML
  Rendering cats/new.html.erb within layouts/application
  Rendered cats/new.html.erb within layouts/application (43.8ms)
Completed 500 Internal Server Error in 80ms (ActiveRecord: 0.0ms)



SyntaxError - syntax error, unexpected ':', expecting keyword_end
      message: "%{value} is not a valid sex...
             ^
/Users/appacademy/Desktop/W4D2/cats/app/models/cat.rb:6: syntax error, unexpected tSTRING_DEND, expecting keyword_end
... "%{value} is not a valid sex"}, length: { is: 1 }, presence...
...                              ^
/Users/appacademy/Desktop/W4D2/cats/app/models/cat.rb:6: syntax error, unexpected tSTRING_DEND, expecting '}'
... valid sex"}, length: { is: 1 }, presence: true
...                              ^
/Users/appacademy/Desktop/W4D2/cats/app/models/cat.rb:7: syntax error, unexpected tSTRING_DEND, expecting '}'
...true, inclusion: { in: COLORS }
...                              ^:
  app/models/cat.rb:6:in `'
  app/views/cats/new.html.erb:14:in `_app_views_cats_new_html_erb__3422494976146321380_70313209586780'
  app/controllers/cats_controller.rb:17:in `new'

Started POST "/__better_errors/74437dbad36d9012/variables" for ::1 at 2019-04-02 15:16:21 -0700
Started GET "/cats/new" for ::1 at 2019-04-02 15:16:47 -0700
Processing by CatsController#new as HTML
  Rendering cats/new.html.erb within layouts/application
  Rendered cats/new.html.erb within layouts/application (24.9ms)
Completed 500 Internal Server Error in 58ms (ActiveRecord: 0.0ms)



SyntaxError - syntax error, unexpected tSTRING_DEND, expecting keyword_end
... "%{value} is not a valid sex"}, length: { is: 1 }, presence...
...                              ^
/Users/appacademy/Desktop/W4D2/cats/app/models/cat.rb:6: syntax error, unexpected tSTRING_DEND, expecting '}'
... valid sex"}, length: { is: 1 }, presence: true
...                              ^
/Users/appacademy/Desktop/W4D2/cats/app/models/cat.rb:7: syntax error, unexpected tSTRING_DEND, expecting '}'
...true, inclusion: { in: COLORS }
...                              ^:
  app/models/cat.rb:6:in `'
  app/views/cats/new.html.erb:14:in `_app_views_cats_new_html_erb__3422494976146321380_70313262740460'
  app/controllers/cats_controller.rb:17:in `new'

Started POST "/__better_errors/39ead954c2cde45b/variables" for ::1 at 2019-04-02 15:16:47 -0700
Started GET "/cats/new" for ::1 at 2019-04-02 15:18:12 -0700
Processing by CatsController#new as HTML
  Rendering cats/new.html.erb within layouts/application
  Rendered cats/new.html.erb within layouts/application (26.4ms)
Completed 500 Internal Server Error in 59ms (ActiveRecord: 0.0ms)



SyntaxError - syntax error, unexpected tSTRING_DEND, expecting keyword_end
... "%{value} is not a valid sex"}
...                              ^
/Users/appacademy/Desktop/W4D2/cats/app/models/cat.rb:6: syntax error, unexpected tSTRING_DEND, expecting '}'
...true, inclusion: { in: COLORS }
...                              ^:
  app/models/cat.rb:5:in `'
  app/views/cats/new.html.erb:14:in `_app_views_cats_new_html_erb__3422494976146321380_70313242917520'
  app/controllers/cats_controller.rb:17:in `new'

Started POST "/__better_errors/e5ca9fedda5bbac3/variables" for ::1 at 2019-04-02 15:18:13 -0700
Started GET "/cats/new" for ::1 at 2019-04-02 15:18:32 -0700
Processing by CatsController#new as HTML
  Rendering cats/new.html.erb within layouts/application
  Rendered cats/new.html.erb within layouts/application (11.1ms)
Completed 500 Internal Server Error in 18ms (ActiveRecord: 0.0ms)



SyntaxError - syntax error, unexpected tSTRING_DEND, expecting keyword_end
...ex, inclusion: { in: %w(M F) }}
...                              ^
/Users/appacademy/Desktop/W4D2/cats/app/models/cat.rb:6: syntax error, unexpected tSTRING_DEND, expecting '}'
...true, inclusion: { in: COLORS }
...                              ^:
  app/models/cat.rb:5:in `'
  app/views/cats/new.html.erb:14:in `_app_views_cats_new_html_erb__3422494976146321380_70313263182120'
  app/controllers/cats_controller.rb:17:in `new'

Started POST "/__better_errors/81bedcdf6e57a9e4/variables" for ::1 at 2019-04-02 15:18:32 -0700
Started GET "/cats/new" for ::1 at 2019-04-02 15:18:33 -0700
Processing by CatsController#new as HTML
  Rendering cats/new.html.erb within layouts/application
  Rendered cats/new.html.erb within layouts/application (6.5ms)
Completed 500 Internal Server Error in 16ms (ActiveRecord: 0.0ms)



SyntaxError - syntax error, unexpected tSTRING_DEND, expecting keyword_end
...ex, inclusion: { in: %w(M F) }}
...                              ^
/Users/appacademy/Desktop/W4D2/cats/app/models/cat.rb:6: syntax error, unexpected tSTRING_DEND, expecting '}'
...true, inclusion: { in: COLORS }
...                              ^:
  app/models/cat.rb:5:in `'
  app/views/cats/new.html.erb:14:in `_app_views_cats_new_html_erb__3422494976146321380_70313267434700'
  app/controllers/cats_controller.rb:17:in `new'

Started POST "/__better_errors/0bedd2dba43a5e6c/variables" for ::1 at 2019-04-02 15:18:34 -0700
Started GET "/cats/new" for ::1 at 2019-04-02 15:18:37 -0700
Processing by CatsController#new as HTML
  Rendering cats/new.html.erb within layouts/application
  Rendered cats/new.html.erb within layouts/application (34.7ms)
Completed 200 OK in 190ms (Views: 189.6ms | ActiveRecord: 0.0ms)


Started GET "/cats/new" for ::1 at 2019-04-02 15:18:54 -0700
Processing by CatsController#new as HTML
  Rendering cats/new.html.erb within layouts/application
  Rendered cats/new.html.erb within layouts/application (4.5ms)
Completed 200 OK in 32ms (Views: 30.8ms | ActiveRecord: 0.0ms)


Started GET "/cats/new" for ::1 at 2019-04-02 15:18:55 -0700
Processing by CatsController#new as HTML
  Rendering cats/new.html.erb within layouts/application
  Rendered cats/new.html.erb within layouts/application (0.9ms)
Completed 200 OK in 30ms (Views: 29.3ms | ActiveRecord: 0.0ms)


Started GET "/cats/new" for ::1 at 2019-04-02 15:18:56 -0700
Processing by CatsController#new as HTML
  Rendering cats/new.html.erb within layouts/application
  Rendered cats/new.html.erb within layouts/application (0.9ms)
Completed 200 OK in 32ms (Views: 30.8ms | ActiveRecord: 0.0ms)


Started GET "/cats/new" for ::1 at 2019-04-02 15:18:56 -0700
Processing by CatsController#new as HTML
  Rendering cats/new.html.erb within layouts/application
  Rendered cats/new.html.erb within layouts/application (1.9ms)
Completed 200 OK in 43ms (Views: 42.2ms | ActiveRecord: 0.0ms)


Started GET "/cats/new" for ::1 at 2019-04-02 15:19:20 -0700
Processing by CatsController#new as HTML
  Rendering cats/new.html.erb within layouts/application
  Rendered cats/new.html.erb within layouts/application (7.0ms)
Completed 200 OK in 39ms (Views: 38.0ms | ActiveRecord: 0.0ms)


Started GET "/cats/new" for ::1 at 2019-04-02 15:23:19 -0700
Processing by CatsController#new as HTML
  Rendering cats/new.html.erb within layouts/application
  Rendered cats/new.html.erb within layouts/application (39.0ms)
Completed 200 OK in 170ms (Views: 169.0ms | ActiveRecord: 0.0ms)


Started GET "/cats/new" for ::1 at 2019-04-02 15:23:30 -0700
Processing by CatsController#new as HTML
  Rendering cats/new.html.erb within layouts/application
  Rendered cats/new.html.erb within layouts/application (1.1ms)
Completed 200 OK in 40ms (Views: 39.7ms | ActiveRecord: 0.0ms)


Started POST "/cats" for ::1 at 2019-04-02 15:23:51 -0700
Processing by CatsController#create as HTML
  Parameters: {"cat"=>{"name"=>"Benedict", "sex"=>"M", "birth_date"=>"2010-01-22", "description"=>"Old benedict"}}
Can't verify CSRF token authenticity.
Completed 422 Unprocessable Entity in 1ms (ActiveRecord: 0.0ms)



ActionController::InvalidAuthenticityToken - ActionController::InvalidAuthenticityToken:

Started POST "/__better_errors/827dc87301843d54/variables" for ::1 at 2019-04-02 15:23:52 -0700
Started GET "/cats/new" for ::1 at 2019-04-02 15:24:33 -0700
Processing by CatsController#new as HTML
  Rendering cats/new.html.erb within layouts/application
  Rendered cats/new.html.erb within layouts/application (2.3ms)
Completed 200 OK in 111ms (Views: 110.4ms | ActiveRecord: 0.0ms)


Started POST "/cats" for ::1 at 2019-04-02 15:24:45 -0700
Processing by CatsController#create as HTML
  Parameters: {"cat"=>{"name"=>"Benedict", "sex"=>"M", "birth_date"=>"2014-02-24", "description"=>"EBEAga"}}
Can't verify CSRF token authenticity.
Completed 422 Unprocessable Entity in 2ms (ActiveRecord: 0.0ms)



ActionController::InvalidAuthenticityToken - ActionController::InvalidAuthenticityToken:

Started POST "/__better_errors/9024c6a657f2d654/variables" for ::1 at 2019-04-02 15:24:45 -0700
Started POST "/cats" for ::1 at 2019-04-02 15:26:47 -0700
  [1m[35m (1.5ms)[0m  [1m[34mSELECT "schema_migrations"."version" FROM "schema_migrations" ORDER BY "schema_migrations"."version" ASC[0m
  ↳ /usr/local/var/rbenv/versions/2.5.0/lib/ruby/gems/2.5.0/gems/activerecord-5.2.3/lib/active_record/log_subscriber.rb:98
Processing by CatsController#create as HTML
  Parameters: {"cat"=>{"name"=>"Benedict", "sex"=>"M", "birth_date"=>"2014-02-24", "description"=>"EBEAga"}}
  Rendering text template
  Rendered text template (0.1ms)
Completed 200 OK in 30ms (Views: 20.6ms | ActiveRecord: 0.0ms)


Started GET "/cats/new" for ::1 at 2019-04-02 15:26:57 -0700
Processing by CatsController#new as HTML
  Rendering cats/new.html.erb within layouts/application
  Rendered cats/new.html.erb within layouts/application (94.7ms)
Completed 200 OK in 530ms (Views: 528.8ms | ActiveRecord: 0.0ms)


Started POST "/cats" for ::1 at 2019-04-02 15:27:12 -0700
Processing by CatsController#create as HTML
  Parameters: {"cat"=>{"name"=>"asdf", "sex"=>"F", "birth_date"=>"2014-12-31", "description"=>"asdfewfrwaesr"}}
  Rendering text template
  Rendered text template (0.0ms)
Completed 200 OK in 1ms (Views: 0.7ms | ActiveRecord: 0.0ms)


Started GET "/cats/new" for ::1 at 2019-04-02 15:35:18 -0700
Processing by CatsController#new as HTML
  Rendering cats/new.html.erb within layouts/application
  Rendered cats/new.html.erb within layouts/application (18.3ms)
Completed 200 OK in 170ms (Views: 169.4ms | ActiveRecord: 0.0ms)


Started POST "/cats" for ::1 at 2019-04-02 15:35:45 -0700
Processing by CatsController#create as HTML
  Parameters: {"cat"=>{"name"=>"asdf", "sex"=>"M", "birth_date"=>"2015-02-25", "description"=>"rawrmeowwoff"}}
  [1m[35m (0.3ms)[0m  [1m[35mBEGIN[0m
  ↳ app/controllers/cats_controller.rb:22
  [1m[35m (0.3ms)[0m  [1m[31mROLLBACK[0m
  ↳ app/controllers/cats_controller.rb:22
Completed 500 Internal Server Error in 331ms (ActiveRecord: 14.0ms)



ActionView::MissingTemplate - Missing template cats/create, application/create with {:locale=>[:en], :formats=>[:html], :variants=>[], :handlers=>[:raw, :erb, :html, :builder, :ruby, :coffee, :jbuilder]}. Searched in:
  * "/Users/appacademy/Desktop/W4D2/cats/app/views"
:
  app/controllers/cats_controller.rb:25:in `create'

Started POST "/__better_errors/9d30f7cdea8e76d7/variables" for ::1 at 2019-04-02 15:35:46 -0700
Started GET "/cats/new" for ::1 at 2019-04-02 15:36:28 -0700
Processing by CatsController#new as HTML
  Rendering cats/new.html.erb within layouts/application
  Rendered cats/new.html.erb within layouts/application (48.8ms)
Completed 200 OK in 203ms (Views: 202.8ms | ActiveRecord: 0.0ms)


Started POST "/cats" for ::1 at 2019-04-02 15:36:45 -0700
Processing by CatsController#create as HTML
  Parameters: {"cat"=>{"name"=>"asdf", "sex"=>"F", "birth_date"=>"2013-11-05", "description"=>"asdf"}}
  [1m[35m (0.2ms)[0m  [1m[35mBEGIN[0m
  ↳ app/controllers/cats_controller.rb:22
  [1m[35m (0.4ms)[0m  [1m[31mROLLBACK[0m
  ↳ app/controllers/cats_controller.rb:22
Completed 500 Internal Server Error in 21ms (ActiveRecord: 7.2ms)



ArgumentError - '"Color can't be blank"' is not an ActiveModel-compatible object. It must implement :to_partial_path.:
  app/controllers/cats_controller.rb:25:in `create'

Started POST "/__better_errors/154fc1689d0bfa04/variables" for ::1 at 2019-04-02 15:36:45 -0700
Started GET "/cats" for ::1 at 2019-04-02 15:37:20 -0700
Processing by CatsController#index as HTML
  Rendering cats/index.html.erb within layouts/application
  [1m[36mCat Load (1.2ms)[0m  [1m[34mSELECT "cats".* FROM "cats"[0m
  ↳ app/views/cats/index.html.erb:2
  Rendered cats/index.html.erb within layouts/application (26.7ms)
Completed 200 OK in 177ms (Views: 130.7ms | ActiveRecord: 6.8ms)


Started GET "/cats/1" for ::1 at 2019-04-02 15:37:23 -0700
Processing by CatsController#show as HTML
  Parameters: {"id"=>"1"}
  [1m[36mCat Load (0.5ms)[0m  [1m[34mSELECT  "cats".* FROM "cats" WHERE "cats"."id" = $1 LIMIT $2[0m  [["id", 1], ["LIMIT", 1]]
  ↳ app/controllers/cats_controller.rb:8
  Rendering cats/show.html.erb within layouts/application
  Rendered cats/show.html.erb within layouts/application (0.7ms)
Completed 200 OK in 91ms (Views: 41.3ms | ActiveRecord: 0.8ms)


Started GET "/cats/new" for ::1 at 2019-04-02 15:37:30 -0700
Processing by CatsController#new as HTML
  Rendering cats/new.html.erb within layouts/application
  Rendered cats/new.html.erb within layouts/application (1.6ms)
Completed 200 OK in 63ms (Views: 62.4ms | ActiveRecord: 0.0ms)


Started POST "/cats" for ::1 at 2019-04-02 15:37:47 -0700
Processing by CatsController#create as HTML
  Parameters: {"cat"=>{"name"=>"asdf", "sex"=>"F", "birth_date"=>"2013-04-23", "description"=>"asdf"}}
  [1m[35m (0.4ms)[0m  [1m[35mBEGIN[0m
  ↳ app/controllers/cats_controller.rb:22
  [1m[35m (0.3ms)[0m  [1m[31mROLLBACK[0m
  ↳ app/controllers/cats_controller.rb:22
Completed 200 OK in 6ms (Views: 0.2ms | ActiveRecord: 0.7ms)


Started POST "/cats" for ::1 at 2019-04-02 15:38:37 -0700
Processing by CatsController#create as HTML
  Parameters: {"cat"=>{"name"=>"asdf", "sex"=>"F", "birth_date"=>"2013-04-23", "description"=>"asdf"}}
  [1m[35m (0.2ms)[0m  [1m[35mBEGIN[0m
  ↳ app/controllers/cats_controller.rb:22
  [1m[35m (0.2ms)[0m  [1m[31mROLLBACK[0m
  ↳ app/controllers/cats_controller.rb:22
Completed 200 OK in 4ms (Views: 0.2ms | ActiveRecord: 0.4ms)


Started GET "/cats/new" for ::1 at 2019-04-02 15:38:45 -0700
Processing by CatsController#new as HTML
  Rendering cats/new.html.erb within layouts/application
  Rendered cats/new.html.erb within layouts/application (1.6ms)
Completed 200 OK in 104ms (Views: 103.3ms | ActiveRecord: 0.0ms)


Started POST "/cats" for ::1 at 2019-04-02 15:38:56 -0700
Processing by CatsController#create as HTML
  Parameters: {"cat"=>{"name"=>"asdf", "sex"=>"F", "birth_date"=>"2015-02-27", "description"=>"asdf"}}
  [1m[35m (0.3ms)[0m  [1m[35mBEGIN[0m
  ↳ app/controllers/cats_controller.rb:22
  [1m[35m (0.4ms)[0m  [1m[31mROLLBACK[0m
  ↳ app/controllers/cats_controller.rb:22
Completed 200 OK in 6ms (Views: 0.3ms | ActiveRecord: 0.7ms)


Started POST "/cats" for ::1 at 2019-04-02 15:39:51 -0700
Processing by CatsController#create as HTML
  Parameters: {"cat"=>{"name"=>"asdf", "sex"=>"F", "birth_date"=>"2015-02-27", "description"=>"asdf"}}
  [1m[35m (0.2ms)[0m  [1m[35mBEGIN[0m
  ↳ app/controllers/cats_controller.rb:22
  [1m[35m (0.3ms)[0m  [1m[31mROLLBACK[0m
  ↳ app/controllers/cats_controller.rb:22
Completed 200 OK in 8ms (Views: 0.3ms | ActiveRecord: 0.5ms)


Started GET "/cats/new" for ::1 at 2019-04-02 15:39:55 -0700
Processing by CatsController#new as HTML
  Rendering cats/new.html.erb within layouts/application
  Rendered cats/new.html.erb within layouts/application (1.0ms)
Completed 200 OK in 168ms (Views: 167.2ms | ActiveRecord: 0.0ms)


Started POST "/cats" for ::1 at 2019-04-02 15:40:07 -0700
Processing by CatsController#create as HTML
  Parameters: {"cat"=>{"name"=>"asdf", "sex"=>"F", "color"=>"black", "birth_date"=>"2014-11-03", "description"=>"asdf"}}
Unpermitted parameter: :color
  [1m[35m (0.4ms)[0m  [1m[35mBEGIN[0m
  ↳ app/controllers/cats_controller.rb:22
  [1m[35m (1.0ms)[0m  [1m[31mROLLBACK[0m
  ↳ app/controllers/cats_controller.rb:22
Completed 200 OK in 8ms (Views: 0.4ms | ActiveRecord: 1.4ms)


Started POST "/cats" for ::1 at 2019-04-02 15:40:47 -0700
Processing by CatsController#create as HTML
  Parameters: {"cat"=>{"name"=>"asdf", "sex"=>"F", "color"=>"black", "birth_date"=>"2014-11-03", "description"=>"asdf"}}
  [1m[35m (0.3ms)[0m  [1m[35mBEGIN[0m
  ↳ app/controllers/cats_controller.rb:22
  [1m[36mCat Create (13.7ms)[0m  [1m[32mINSERT INTO "cats" ("birth_date", "color", "name", "sex", "description", "created_at", "updated_at") VALUES ($1, $2, $3, $4, $5, $6, $7) RETURNING "id"[0m  [["birth_date", "2014-11-03"], ["color", "black"], ["name", "asdf"], ["sex", "F"], ["description", "asdf"], ["created_at", "2019-04-02 22:40:47.255210"], ["updated_at", "2019-04-02 22:40:47.255210"]]
  ↳ app/controllers/cats_controller.rb:22
  [1m[35m (25.4ms)[0m  [1m[35mCOMMIT[0m
  ↳ app/controllers/cats_controller.rb:22
Redirected to http://localhost:3000/cats/2
Completed 302 Found in 106ms (ActiveRecord: 48.2ms)


Started GET "/cats/2" for ::1 at 2019-04-02 15:40:47 -0700
Processing by CatsController#show as HTML
  Parameters: {"id"=>"2"}
  [1m[36mCat Load (0.6ms)[0m  [1m[34mSELECT  "cats".* FROM "cats" WHERE "cats"."id" = $1 LIMIT $2[0m  [["id", 2], ["LIMIT", 1]]
  ↳ app/controllers/cats_controller.rb:8
  Rendering cats/show.html.erb within layouts/application
  Rendered cats/show.html.erb within layouts/application (0.8ms)
Completed 200 OK in 26ms (Views: 23.2ms | ActiveRecord: 0.6ms)


Started GET "/cats" for ::1 at 2019-04-02 16:03:36 -0700
Processing by CatsController#index as HTML
  Rendering cats/index.html.erb within layouts/application
  [1m[36mCat Load (1.2ms)[0m  [1m[34mSELECT "cats".* FROM "cats"[0m
  ↳ app/views/cats/index.html.erb:2
  Rendered cats/index.html.erb within layouts/application (6.2ms)
Completed 200 OK in 163ms (Views: 159.9ms | ActiveRecord: 1.2ms)


Started GET "/cats/new" for ::1 at 2019-04-02 16:06:16 -0700
Processing by CatsController#new as HTML
  Rendering cats/new.html.erb within layouts/application
  Rendered cats/new.html.erb within layouts/application (1.0ms)
Completed 200 OK in 82ms (Views: 81.2ms | ActiveRecord: 0.0ms)


Started GET "/cats/new" for ::1 at 2019-04-02 16:10:36 -0700
Processing by CatsController#new as HTML
  Rendering cats/new.html.erb within layouts/application
  Rendered cats/new.html.erb within layouts/application (1.2ms)
Completed 200 OK in 54ms (Views: 52.4ms | ActiveRecord: 0.0ms)


Started GET "/cats/new" for ::1 at 2019-04-02 16:10:37 -0700
Processing by CatsController#new as HTML
  Rendering cats/new.html.erb within layouts/application
  Rendered cats/new.html.erb within layouts/application (1.4ms)
Completed 200 OK in 38ms (Views: 37.6ms | ActiveRecord: 0.0ms)


Started GET "/cats/new" for ::1 at 2019-04-02 16:10:37 -0700
Processing by CatsController#new as HTML
  Rendering cats/new.html.erb within layouts/application
  Rendered cats/new.html.erb within layouts/application (1.1ms)
Completed 200 OK in 42ms (Views: 41.0ms | ActiveRecord: 0.0ms)


Started GET "/cats/new" for ::1 at 2019-04-02 16:10:38 -0700
Processing by CatsController#new as HTML
  Rendering cats/new.html.erb within layouts/application
  Rendered cats/new.html.erb within layouts/application (1.7ms)
Completed 200 OK in 39ms (Views: 38.9ms | ActiveRecord: 0.0ms)


Started GET "/cats/new" for ::1 at 2019-04-02 16:10:38 -0700
Processing by CatsController#new as HTML
  Rendering cats/new.html.erb within layouts/application
  Rendered cats/new.html.erb within layouts/application (0.9ms)
Completed 200 OK in 34ms (Views: 32.9ms | ActiveRecord: 0.0ms)


Started GET "/cats/new" for ::1 at 2019-04-02 16:10:38 -0700
Processing by CatsController#new as HTML
  Rendering cats/new.html.erb within layouts/application
  Rendered cats/new.html.erb within layouts/application (1.1ms)
Completed 200 OK in 32ms (Views: 31.1ms | ActiveRecord: 0.0ms)


Started GET "/cats/new" for ::1 at 2019-04-02 16:10:38 -0700
Processing by CatsController#new as HTML
  Rendering cats/new.html.erb within layouts/application
  Rendered cats/new.html.erb within layouts/application (1.2ms)
Completed 200 OK in 35ms (Views: 34.7ms | ActiveRecord: 0.0ms)


Started GET "/cats/new" for ::1 at 2019-04-02 16:10:38 -0700
Processing by CatsController#new as HTML
  Rendering cats/new.html.erb within layouts/application
  Rendered cats/new.html.erb within layouts/application (1.3ms)
Completed 200 OK in 69ms (Views: 68.1ms | ActiveRecord: 0.0ms)


Started GET "/cats/new" for ::1 at 2019-04-02 16:11:12 -0700
Processing by CatsController#new as HTML
  Rendering cats/new.html.erb within layouts/application
  Rendered cats/new.html.erb within layouts/application (1.3ms)
Completed 200 OK in 30ms (Views: 29.7ms | ActiveRecord: 0.0ms)


Started GET "/cats/new" for ::1 at 2019-04-02 16:11:13 -0700
Processing by CatsController#new as HTML
  Rendering cats/new.html.erb within layouts/application
  Rendered cats/new.html.erb within layouts/application (1.1ms)
Completed 200 OK in 31ms (Views: 29.8ms | ActiveRecord: 0.0ms)


Started GET "/cats/new" for ::1 at 2019-04-02 16:11:13 -0700
Processing by CatsController#new as HTML
  Rendering cats/new.html.erb within layouts/application
  Rendered cats/new.html.erb within layouts/application (1.1ms)
Completed 200 OK in 31ms (Views: 30.8ms | ActiveRecord: 0.0ms)


Started GET "/cats/new" for ::1 at 2019-04-02 16:11:13 -0700
Processing by CatsController#new as HTML
  Rendering cats/new.html.erb within layouts/application
  Rendered cats/new.html.erb within layouts/application (1.4ms)
Completed 200 OK in 28ms (Views: 27.7ms | ActiveRecord: 0.0ms)


Started GET "/cats/new" for ::1 at 2019-04-02 16:11:14 -0700
Processing by CatsController#new as HTML
  Rendering cats/new.html.erb within layouts/application
  Rendered cats/new.html.erb within layouts/application (1.0ms)
Completed 200 OK in 27ms (Views: 26.8ms | ActiveRecord: 0.0ms)


Started GET "/cats/new" for ::1 at 2019-04-02 16:11:14 -0700
Processing by CatsController#new as HTML
  Rendering cats/new.html.erb within layouts/application
  Rendered cats/new.html.erb within layouts/application (1.4ms)
Completed 200 OK in 29ms (Views: 28.4ms | ActiveRecord: 0.0ms)


Started GET "/cats/new" for ::1 at 2019-04-02 16:11:14 -0700
Processing by CatsController#new as HTML
  Rendering cats/new.html.erb within layouts/application
  Rendered cats/new.html.erb within layouts/application (0.9ms)
Completed 200 OK in 35ms (Views: 34.2ms | ActiveRecord: 0.0ms)


Started GET "/cats/new" for ::1 at 2019-04-02 16:11:14 -0700
Processing by CatsController#new as HTML
  Rendering cats/new.html.erb within layouts/application
  Rendered cats/new.html.erb within layouts/application (0.9ms)
Completed 200 OK in 30ms (Views: 29.5ms | ActiveRecord: 0.0ms)


Started GET "/cats/new" for ::1 at 2019-04-02 16:11:14 -0700
Processing by CatsController#new as HTML
  Rendering cats/new.html.erb within layouts/application
  Rendered cats/new.html.erb within layouts/application (1.5ms)
Completed 200 OK in 32ms (Views: 31.7ms | ActiveRecord: 0.0ms)


Started GET "/cats/new" for ::1 at 2019-04-02 16:12:02 -0700
Processing by CatsController#new as HTML
  Rendering cats/new.html.erb within layouts/application
  Rendered cats/new.html.erb within layouts/application (1.1ms)
Completed 200 OK in 44ms (Views: 42.8ms | ActiveRecord: 0.0ms)


Started GET "/cats/new" for ::1 at 2019-04-02 16:12:13 -0700
Processing by CatsController#new as HTML
  Rendering cats/new.html.erb within layouts/application
  Rendered cats/new.html.erb within layouts/application (2.0ms)
Completed 200 OK in 40ms (Views: 39.1ms | ActiveRecord: 0.0ms)


Started GET "/cats/new" for ::1 at 2019-04-02 16:19:36 -0700
Processing by CatsController#new as HTML
  Rendering cats/new.html.erb within layouts/application
  Rendered cats/new.html.erb within layouts/application (27.4ms)
Completed 200 OK in 114ms (Views: 113.8ms | ActiveRecord: 0.0ms)


Started GET "/cats/new" for ::1 at 2019-04-02 16:19:37 -0700
Processing by CatsController#new as HTML
  Rendering cats/new.html.erb within layouts/application
  Rendered cats/new.html.erb within layouts/application (1.8ms)
Completed 200 OK in 37ms (Views: 35.8ms | ActiveRecord: 0.0ms)


Started GET "/cats/1/edit" for ::1 at 2019-04-02 16:19:48 -0700
Processing by CatsController#edit as HTML
  Parameters: {"id"=>"1"}
  [1m[36mCat Load (1.2ms)[0m  [1m[34mSELECT  "cats".* FROM "cats" WHERE "cats"."id" = $1 LIMIT $2[0m  [["id", 1], ["LIMIT", 1]]
  ↳ app/controllers/cats_controller.rb:30
  Rendering cats/edit.html.erb within layouts/application
  Rendered cats/edit.html.erb within layouts/application (1.2ms)
Completed 200 OK in 90ms (Views: 34.4ms | ActiveRecord: 34.0ms)


Started GET "/cats/2/edit" for ::1 at 2019-04-02 16:20:00 -0700
Processing by CatsController#edit as HTML
  Parameters: {"id"=>"2"}
  [1m[36mCat Load (0.7ms)[0m  [1m[34mSELECT  "cats".* FROM "cats" WHERE "cats"."id" = $1 LIMIT $2[0m  [["id", 2], ["LIMIT", 1]]
  ↳ app/controllers/cats_controller.rb:30
  Rendering cats/edit.html.erb within layouts/application
  Rendered cats/edit.html.erb within layouts/application (1.6ms)
Completed 200 OK in 47ms (Views: 44.0ms | ActiveRecord: 0.7ms)


Started GET "/cats/2/edit" for ::1 at 2019-04-02 16:23:10 -0700
Processing by CatsController#edit as HTML
  Parameters: {"id"=>"2"}
  [1m[36mCat Load (0.5ms)[0m  [1m[34mSELECT  "cats".* FROM "cats" WHERE "cats"."id" = $1 LIMIT $2[0m  [["id", 2], ["LIMIT", 1]]
  ↳ app/controllers/cats_controller.rb:30
  Rendering cats/edit.html.erb within layouts/application
  Rendered cats/edit.html.erb within layouts/application (1.3ms)
Completed 200 OK in 206ms (Views: 203.5ms | ActiveRecord: 0.5ms)


Started GET "/cats/1/edit" for ::1 at 2019-04-02 16:23:18 -0700
Processing by CatsController#edit as HTML
  Parameters: {"id"=>"1"}
  [1m[36mCat Load (1.3ms)[0m  [1m[34mSELECT  "cats".* FROM "cats" WHERE "cats"."id" = $1 LIMIT $2[0m  [["id", 1], ["LIMIT", 1]]
  ↳ app/controllers/cats_controller.rb:30
  Rendering cats/edit.html.erb within layouts/application
  Rendered cats/edit.html.erb within layouts/application (2.1ms)
Completed 200 OK in 43ms (Views: 38.9ms | ActiveRecord: 1.3ms)


Started GET "/cats/2/edit" for ::1 at 2019-04-02 16:23:22 -0700
Processing by CatsController#edit as HTML
  Parameters: {"id"=>"2"}
  [1m[36mCat Load (0.6ms)[0m  [1m[34mSELECT  "cats".* FROM "cats" WHERE "cats"."id" = $1 LIMIT $2[0m  [["id", 2], ["LIMIT", 1]]
  ↳ app/controllers/cats_controller.rb:30
  Rendering cats/edit.html.erb within layouts/application
  Rendered cats/edit.html.erb within layouts/application (1.4ms)
Completed 200 OK in 40ms (Views: 36.5ms | ActiveRecord: 0.6ms)


Started GET "/cats/new" for ::1 at 2019-04-02 16:23:28 -0700
Processing by CatsController#new as HTML
  Rendering cats/new.html.erb within layouts/application
  Rendered cats/new.html.erb within layouts/application (1.0ms)
Completed 200 OK in 81ms (Views: 79.8ms | ActiveRecord: 0.0ms)


Started POST "/cats" for ::1 at 2019-04-02 16:23:37 -0700
Processing by CatsController#create as HTML
  Parameters: {"cat"=>{"name"=>"NewCat", "sex"=>"F", "color"=>"yellow", "birth_date"=>"2019-04-04", "description"=>"aeesahe"}}
  [1m[35m (0.2ms)[0m  [1m[35mBEGIN[0m
  ↳ app/controllers/cats_controller.rb:22
  [1m[36mCat Create (1.3ms)[0m  [1m[32mINSERT INTO "cats" ("birth_date", "color", "name", "sex", "description", "created_at", "updated_at") VALUES ($1, $2, $3, $4, $5, $6, $7) RETURNING "id"[0m  [["birth_date", "2019-04-04"], ["color", "yellow"], ["name", "NewCat"], ["sex", "F"], ["description", "aeesahe"], ["created_at", "2019-04-02 23:23:37.948773"], ["updated_at", "2019-04-02 23:23:37.948773"]]
  ↳ app/controllers/cats_controller.rb:22
  [1m[35m (48.1ms)[0m  [1m[35mCOMMIT[0m
  ↳ app/controllers/cats_controller.rb:22
Redirected to http://localhost:3000/cats/3
Completed 302 Found in 56ms (ActiveRecord: 49.6ms)


Started GET "/cats/3" for ::1 at 2019-04-02 16:23:38 -0700
Processing by CatsController#show as HTML
  Parameters: {"id"=>"3"}
  [1m[36mCat Load (0.5ms)[0m  [1m[34mSELECT  "cats".* FROM "cats" WHERE "cats"."id" = $1 LIMIT $2[0m  [["id", 3], ["LIMIT", 1]]
  ↳ app/controllers/cats_controller.rb:8
  Rendering cats/show.html.erb within layouts/application
  Rendered cats/show.html.erb within layouts/application (0.8ms)
Completed 200 OK in 39ms (Views: 37.3ms | ActiveRecord: 0.5ms)


Started GET "/cats/3/edit" for ::1 at 2019-04-02 16:23:41 -0700
Processing by CatsController#edit as HTML
  Parameters: {"id"=>"3"}
  [1m[36mCat Load (1.0ms)[0m  [1m[34mSELECT  "cats".* FROM "cats" WHERE "cats"."id" = $1 LIMIT $2[0m  [["id", 3], ["LIMIT", 1]]
  ↳ app/controllers/cats_controller.rb:30
  Rendering cats/edit.html.erb within layouts/application
  Rendered cats/edit.html.erb within layouts/application (1.3ms)
Completed 200 OK in 35ms (Views: 31.1ms | ActiveRecord: 1.0ms)


Started GET "/cats/3/edit" for ::1 at 2019-04-02 16:23:53 -0700
Processing by CatsController#edit as HTML
  Parameters: {"id"=>"3"}
  [1m[36mCat Load (0.7ms)[0m  [1m[34mSELECT  "cats".* FROM "cats" WHERE "cats"."id" = $1 LIMIT $2[0m  [["id", 3], ["LIMIT", 1]]
  ↳ app/controllers/cats_controller.rb:30
  Rendering cats/edit.html.erb within layouts/application
  Rendered cats/edit.html.erb within layouts/application (2.7ms)
Completed 200 OK in 33ms (Views: 29.8ms | ActiveRecord: 0.7ms)


Started GET "/cats/3/edit" for ::1 at 2019-04-02 16:25:42 -0700
Processing by CatsController#edit as HTML
  Parameters: {"id"=>"3"}
  [1m[36mCat Load (0.5ms)[0m  [1m[34mSELECT  "cats".* FROM "cats" WHERE "cats"."id" = $1 LIMIT $2[0m  [["id", 3], ["LIMIT", 1]]
  ↳ app/controllers/cats_controller.rb:30
  Rendering cats/edit.html.erb within layouts/application
  Rendered cats/edit.html.erb within layouts/application (1.1ms)
Completed 200 OK in 135ms (Views: 132.3ms | ActiveRecord: 0.5ms)


Started GET "/cats/3/edit" for ::1 at 2019-04-02 16:25:43 -0700
Processing by CatsController#edit as HTML
  Parameters: {"id"=>"3"}
  [1m[36mCat Load (1.0ms)[0m  [1m[34mSELECT  "cats".* FROM "cats" WHERE "cats"."id" = $1 LIMIT $2[0m  [["id", 3], ["LIMIT", 1]]
  ↳ app/controllers/cats_controller.rb:30
  Rendering cats/edit.html.erb within layouts/application
  Rendered cats/edit.html.erb within layouts/application (1.5ms)
Completed 200 OK in 38ms (Views: 35.5ms | ActiveRecord: 1.0ms)


Started GET "/cats/3/edit" for ::1 at 2019-04-02 16:25:47 -0700
Processing by CatsController#edit as HTML
  Parameters: {"id"=>"3"}
  [1m[36mCat Load (1.3ms)[0m  [1m[34mSELECT  "cats".* FROM "cats" WHERE "cats"."id" = $1 LIMIT $2[0m  [["id", 3], ["LIMIT", 1]]
  ↳ app/controllers/cats_controller.rb:30
  Rendering cats/edit.html.erb within layouts/application
  Rendered cats/edit.html.erb within layouts/application (2.6ms)
Completed 200 OK in 44ms (Views: 40.2ms | ActiveRecord: 1.3ms)


Started GET "/cats/3/edit" for ::1 at 2019-04-02 16:26:24 -0700
Processing by CatsController#edit as HTML
  Parameters: {"id"=>"3"}
  [1m[36mCat Load (0.6ms)[0m  [1m[34mSELECT  "cats".* FROM "cats" WHERE "cats"."id" = $1 LIMIT $2[0m  [["id", 3], ["LIMIT", 1]]
  ↳ app/controllers/cats_controller.rb:30
  Rendering cats/edit.html.erb within layouts/application
  Rendered cats/edit.html.erb within layouts/application (2.2ms)
Completed 200 OK in 88ms (Views: 85.9ms | ActiveRecord: 0.6ms)


Started GET "/cats/2/edit" for ::1 at 2019-04-02 16:26:36 -0700
Processing by CatsController#edit as HTML
  Parameters: {"id"=>"2"}
  [1m[36mCat Load (0.6ms)[0m  [1m[34mSELECT  "cats".* FROM "cats" WHERE "cats"."id" = $1 LIMIT $2[0m  [["id", 2], ["LIMIT", 1]]
  ↳ app/controllers/cats_controller.rb:30
  Rendering cats/edit.html.erb within layouts/application
  Rendered cats/edit.html.erb within layouts/application (1.2ms)
Completed 200 OK in 41ms (Views: 38.4ms | ActiveRecord: 0.6ms)


Started GET "/cats/1/edit" for ::1 at 2019-04-02 16:26:42 -0700
Processing by CatsController#edit as HTML
  Parameters: {"id"=>"1"}
  [1m[36mCat Load (1.4ms)[0m  [1m[34mSELECT  "cats".* FROM "cats" WHERE "cats"."id" = $1 LIMIT $2[0m  [["id", 1], ["LIMIT", 1]]
  ↳ app/controllers/cats_controller.rb:30
  Rendering cats/edit.html.erb within layouts/application
  Rendered cats/edit.html.erb within layouts/application (2.4ms)
Completed 200 OK in 35ms (Views: 31.4ms | ActiveRecord: 1.4ms)


Started GET "/cats/1/edit" for ::1 at 2019-04-02 16:27:42 -0700
Processing by CatsController#edit as HTML
  Parameters: {"id"=>"1"}
  [1m[36mCat Load (0.6ms)[0m  [1m[34mSELECT  "cats".* FROM "cats" WHERE "cats"."id" = $1 LIMIT $2[0m  [["id", 1], ["LIMIT", 1]]
  ↳ app/controllers/cats_controller.rb:30
  Rendering cats/edit.html.erb within layouts/application
  Rendered cats/edit.html.erb within layouts/application (1.9ms)
Completed 200 OK in 133ms (Views: 130.9ms | ActiveRecord: 0.6ms)


Started GET "/cats/1/edit" for ::1 at 2019-04-02 16:28:08 -0700
Processing by CatsController#edit as HTML
  Parameters: {"id"=>"1"}
  [1m[36mCat Load (0.4ms)[0m  [1m[34mSELECT  "cats".* FROM "cats" WHERE "cats"."id" = $1 LIMIT $2[0m  [["id", 1], ["LIMIT", 1]]
  ↳ app/controllers/cats_controller.rb:30
  Rendering cats/edit.html.erb within layouts/application
  Rendered cats/edit.html.erb within layouts/application (2.5ms)
Completed 200 OK in 198ms (Views: 196.3ms | ActiveRecord: 0.4ms)


Started GET "/cats/1/edit" for ::1 at 2019-04-02 16:28:10 -0700
Processing by CatsController#edit as HTML
  Parameters: {"id"=>"1"}
  [1m[36mCat Load (0.5ms)[0m  [1m[34mSELECT  "cats".* FROM "cats" WHERE "cats"."id" = $1 LIMIT $2[0m  [["id", 1], ["LIMIT", 1]]
  ↳ app/controllers/cats_controller.rb:30
  Rendering cats/edit.html.erb within layouts/application
  Rendered cats/edit.html.erb within layouts/application (1.6ms)
Completed 200 OK in 36ms (Views: 33.4ms | ActiveRecord: 0.5ms)


Started GET "/cats/2/edit" for ::1 at 2019-04-02 16:28:14 -0700
Processing by CatsController#edit as HTML
  Parameters: {"id"=>"2"}
  [1m[36mCat Load (1.1ms)[0m  [1m[34mSELECT  "cats".* FROM "cats" WHERE "cats"."id" = $1 LIMIT $2[0m  [["id", 2], ["LIMIT", 1]]
  ↳ app/controllers/cats_controller.rb:30
  Rendering cats/edit.html.erb within layouts/application
  Rendered cats/edit.html.erb within layouts/application (1.5ms)
Completed 200 OK in 35ms (Views: 31.6ms | ActiveRecord: 1.1ms)


Started PATCH "/cats/2" for ::1 at 2019-04-02 16:30:16 -0700
Processing by CatsController#update as HTML
  Parameters: {"cat"=>{"name"=>"NiceCatName", "sex"=>"F", "color"=>"black", "birth_date"=>"2014-11-03", "description"=>"This is a very nice cat"}, "id"=>"2"}
  [1m[36mCat Load (0.4ms)[0m  [1m[34mSELECT  "cats".* FROM "cats" WHERE "cats"."id" = $1 LIMIT $2[0m  [["id", 2], ["LIMIT", 1]]
  ↳ app/controllers/cats_controller.rb:39
  [1m[35m (0.4ms)[0m  [1m[35mBEGIN[0m
  ↳ app/controllers/cats_controller.rb:40
  [1m[36mCat Update (35.2ms)[0m  [1m[33mUPDATE "cats" SET "name" = $1, "description" = $2, "updated_at" = $3 WHERE "cats"."id" = $4[0m  [["name", "NiceCatName"], ["description", "This is a very nice cat"], ["updated_at", "2019-04-02 23:30:17.130841"], ["id", 2]]
  ↳ app/controllers/cats_controller.rb:40
  [1m[35m (6.3ms)[0m  [1m[35mCOMMIT[0m
  ↳ app/controllers/cats_controller.rb:40
Redirected to http://localhost:3000/cats/2
Completed 302 Found in 126ms (ActiveRecord: 51.5ms)


Started GET "/cats/2" for ::1 at 2019-04-02 16:30:17 -0700
Processing by CatsController#show as HTML
  Parameters: {"id"=>"2"}
  [1m[36mCat Load (0.4ms)[0m  [1m[34mSELECT  "cats".* FROM "cats" WHERE "cats"."id" = $1 LIMIT $2[0m  [["id", 2], ["LIMIT", 1]]
  ↳ app/controllers/cats_controller.rb:8
  Rendering cats/show.html.erb within layouts/application
  Rendered cats/show.html.erb within layouts/application (1.1ms)
Completed 200 OK in 124ms (Views: 122.2ms | ActiveRecord: 0.4ms)


Started GET "/cats/2/edit" for ::1 at 2019-04-02 16:30:22 -0700
Processing by CatsController#edit as HTML
  Parameters: {"id"=>"2"}
  [1m[36mCat Load (0.6ms)[0m  [1m[34mSELECT  "cats".* FROM "cats" WHERE "cats"."id" = $1 LIMIT $2[0m  [["id", 2], ["LIMIT", 1]]
  ↳ app/controllers/cats_controller.rb:30
  Rendering cats/edit.html.erb within layouts/application
  Rendered cats/edit.html.erb within layouts/application (2.1ms)
Completed 200 OK in 129ms (Views: 126.3ms | ActiveRecord: 0.6ms)


Started PATCH "/cats/2" for ::1 at 2019-04-02 16:30:28 -0700
Processing by CatsController#update as HTML
  Parameters: {"cat"=>{"name"=>"Better Cat Name", "sex"=>"M", "color"=>"yellow", "birth_date"=>"2014-11-03", "description"=>"This is a very nice cat"}, "id"=>"2"}
  [1m[36mCat Load (0.4ms)[0m  [1m[34mSELECT  "cats".* FROM "cats" WHERE "cats"."id" = $1 LIMIT $2[0m  [["id", 2], ["LIMIT", 1]]
  ↳ app/controllers/cats_controller.rb:39
  [1m[35m (0.2ms)[0m  [1m[35mBEGIN[0m
  ↳ app/controllers/cats_controller.rb:40
  [1m[36mCat Update (0.7ms)[0m  [1m[33mUPDATE "cats" SET "name" = $1, "sex" = $2, "color" = $3, "updated_at" = $4 WHERE "cats"."id" = $5[0m  [["name", "Better Cat Name"], ["sex", "M"], ["color", "yellow"], ["updated_at", "2019-04-02 23:30:28.324332"], ["id", 2]]
  ↳ app/controllers/cats_controller.rb:40
  [1m[35m (0.7ms)[0m  [1m[35mCOMMIT[0m
  ↳ app/controllers/cats_controller.rb:40
Redirected to http://localhost:3000/cats/2
Completed 302 Found in 8ms (ActiveRecord: 2.0ms)


Started GET "/cats/2" for ::1 at 2019-04-02 16:30:28 -0700
Processing by CatsController#show as HTML
  Parameters: {"id"=>"2"}
  [1m[36mCat Load (0.5ms)[0m  [1m[34mSELECT  "cats".* FROM "cats" WHERE "cats"."id" = $1 LIMIT $2[0m  [["id", 2], ["LIMIT", 1]]
  ↳ app/controllers/cats_controller.rb:8
  Rendering cats/show.html.erb within layouts/application
  Rendered cats/show.html.erb within layouts/application (1.0ms)
Completed 200 OK in 33ms (Views: 30.6ms | ActiveRecord: 0.5ms)


Started GET "/cats/2/edit" for ::1 at 2019-04-02 16:30:31 -0700
Processing by CatsController#edit as HTML
  Parameters: {"id"=>"2"}
  [1m[36mCat Load (0.6ms)[0m  [1m[34mSELECT  "cats".* FROM "cats" WHERE "cats"."id" = $1 LIMIT $2[0m  [["id", 2], ["LIMIT", 1]]
  ↳ app/controllers/cats_controller.rb:30
  Rendering cats/edit.html.erb within layouts/application
  Rendered cats/edit.html.erb within layouts/application (1.7ms)
Completed 200 OK in 37ms (Views: 34.1ms | ActiveRecord: 0.6ms)


Started PATCH "/cats/2" for ::1 at 2019-04-02 16:31:07 -0700
Processing by CatsController#update as HTML
  Parameters: {"cat"=>{"name"=>"Better Cat Name", "sex"=>"M", "color"=>"yellow", "birth_date"=>"2014-11-03", "description"=>"This is a very nice cat"}, "id"=>"2"}
  [1m[36mCat Load (0.4ms)[0m  [1m[34mSELECT  "cats".* FROM "cats" WHERE "cats"."id" = $1 LIMIT $2[0m  [["id", 2], ["LIMIT", 1]]
  ↳ app/controllers/cats_controller.rb:39
  [1m[35m (0.2ms)[0m  [1m[35mBEGIN[0m
  ↳ app/controllers/cats_controller.rb:40
  [1m[35m (0.2ms)[0m  [1m[35mCOMMIT[0m
  ↳ app/controllers/cats_controller.rb:40
Redirected to http://localhost:3000/cats/2
Completed 302 Found in 4ms (ActiveRecord: 0.7ms)


Started GET "/cats/2" for ::1 at 2019-04-02 16:31:07 -0700
Processing by CatsController#show as HTML
  Parameters: {"id"=>"2"}
  [1m[36mCat Load (0.4ms)[0m  [1m[34mSELECT  "cats".* FROM "cats" WHERE "cats"."id" = $1 LIMIT $2[0m  [["id", 2], ["LIMIT", 1]]
  ↳ app/controllers/cats_controller.rb:8
  Rendering cats/show.html.erb within layouts/application
  Rendered cats/show.html.erb within layouts/application (0.7ms)
Completed 200 OK in 141ms (Views: 138.9ms | ActiveRecord: 0.4ms)


Started GET "/cats/new" for ::1 at 2019-04-02 16:43:51 -0700
Processing by CatsController#new as HTML
  Rendering cats/new.html.erb within layouts/application
  Rendered cats/_form.html.erb (1.3ms)
  Rendered cats/new.html.erb within layouts/application (4.6ms)
Completed 200 OK in 320ms (Views: 248.7ms | ActiveRecord: 15.1ms)


Started GET "/cats/new" for ::1 at 2019-04-02 16:45:38 -0700
Processing by CatsController#new as HTML
  Rendering cats/new.html.erb within layouts/application
  Rendered cats/_form.html.erb (1.2ms)
  Rendered cats/new.html.erb within layouts/application (3.6ms)
Completed 200 OK in 77ms (Views: 75.4ms | ActiveRecord: 0.0ms)


Started GET "/cats/new" for ::1 at 2019-04-02 16:45:39 -0700
Processing by CatsController#new as HTML
  Rendering cats/new.html.erb within layouts/application
  Rendered cats/_form.html.erb (2.2ms)
  Rendered cats/new.html.erb within layouts/application (6.4ms)
Completed 200 OK in 35ms (Views: 34.3ms | ActiveRecord: 0.0ms)


Started GET "/cats/new" for ::1 at 2019-04-02 16:45:40 -0700
Processing by CatsController#new as HTML
  Rendering cats/new.html.erb within layouts/application
  Rendered cats/_form.html.erb (2.1ms)
  Rendered cats/new.html.erb within layouts/application (5.7ms)
Completed 200 OK in 36ms (Views: 35.3ms | ActiveRecord: 0.0ms)


Started GET "/cats/new" for ::1 at 2019-04-02 16:46:06 -0700
Processing by CatsController#new as HTML
  Rendering cats/new.html.erb within layouts/application
  Rendered cats/_form.html.erb (1.1ms)
  Rendered cats/new.html.erb within layouts/application (4.1ms)
Completed 200 OK in 72ms (Views: 70.9ms | ActiveRecord: 0.0ms)


Started GET "/cats/1/edit" for ::1 at 2019-04-02 16:46:35 -0700
Processing by CatsController#edit as HTML
  Parameters: {"id"=>"1"}
  [1m[36mCat Load (0.8ms)[0m  [1m[34mSELECT  "cats".* FROM "cats" WHERE "cats"."id" = $1 LIMIT $2[0m  [["id", 1], ["LIMIT", 1]]
  ↳ app/controllers/cats_controller.rb:31
  Rendering cats/edit.html.erb within layouts/application
  Rendered cats/_form.html.erb (2.1ms)
  Rendered cats/edit.html.erb within layouts/application (25.8ms)
Completed 200 OK in 238ms (Views: 233.9ms | ActiveRecord: 1.0ms)


Started PATCH "/cats/1" for ::1 at 2019-04-02 16:46:53 -0700
Processing by CatsController#update as HTML
  Parameters: {"cat"=>{"name"=>"Cat", "sex"=>"M", "color"=>"orange", "birth_date"=>"2015-04-02", "description"=>"This is  a very bad cat. "}, "id"=>"1"}
  [1m[36mCat Load (0.6ms)[0m  [1m[34mSELECT  "cats".* FROM "cats" WHERE "cats"."id" = $1 LIMIT $2[0m  [["id", 1], ["LIMIT", 1]]
  ↳ app/controllers/cats_controller.rb:40
  [1m[35m (0.2ms)[0m  [1m[35mBEGIN[0m
  ↳ app/controllers/cats_controller.rb:41
  [1m[36mCat Update (1.2ms)[0m  [1m[33mUPDATE "cats" SET "description" = $1, "updated_at" = $2 WHERE "cats"."id" = $3[0m  [["description", "This is  a very bad cat. "], ["updated_at", "2019-04-02 23:46:53.728122"], ["id", 1]]
  ↳ app/controllers/cats_controller.rb:41
  [1m[35m (54.0ms)[0m  [1m[35mCOMMIT[0m
  ↳ app/controllers/cats_controller.rb:41
Redirected to http://localhost:3000/cats/1
Completed 302 Found in 62ms (ActiveRecord: 55.9ms)


Started GET "/cats/1" for ::1 at 2019-04-02 16:46:53 -0700
Processing by CatsController#show as HTML
  Parameters: {"id"=>"1"}
  [1m[36mCat Load (0.5ms)[0m  [1m[34mSELECT  "cats".* FROM "cats" WHERE "cats"."id" = $1 LIMIT $2[0m  [["id", 1], ["LIMIT", 1]]
  ↳ app/controllers/cats_controller.rb:8
  Rendering cats/show.html.erb within layouts/application
  Rendered cats/show.html.erb within layouts/application (0.9ms)
Completed 200 OK in 49ms (Views: 47.0ms | ActiveRecord: 0.5ms)


Started GET "/cats/new" for ::1 at 2019-04-02 16:47:01 -0700
Processing by CatsController#new as HTML
  Rendering cats/new.html.erb within layouts/application
  Rendered cats/_form.html.erb (1.2ms)
  Rendered cats/new.html.erb within layouts/application (4.3ms)
Completed 200 OK in 75ms (Views: 73.5ms | ActiveRecord: 0.0ms)


Started POST "/cats" for ::1 at 2019-04-02 16:47:32 -0700
Processing by CatsController#create as HTML
  Parameters: {"cat"=>{"name"=>"Blender", "sex"=>"F", "color"=>"black", "birth_date"=>"1994-06-28", "description"=>"This is a blended cat. "}}
  [1m[35m (0.2ms)[0m  [1m[35mBEGIN[0m
  ↳ app/controllers/cats_controller.rb:23
  [1m[36mCat Create (1.2ms)[0m  [1m[32mINSERT INTO "cats" ("birth_date", "color", "name", "sex", "description", "created_at", "updated_at") VALUES ($1, $2, $3, $4, $5, $6, $7) RETURNING "id"[0m  [["birth_date", "1994-06-28"], ["color", "black"], ["name", "Blender"], ["sex", "F"], ["description", "This is a blended cat. "], ["created_at", "2019-04-02 23:47:32.601682"], ["updated_at", "2019-04-02 23:47:32.601682"]]
  ↳ app/controllers/cats_controller.rb:23
  [1m[35m (3.0ms)[0m  [1m[35mCOMMIT[0m
  ↳ app/controllers/cats_controller.rb:23
Redirected to http://localhost:3000/cats/4
Completed 302 Found in 11ms (ActiveRecord: 4.4ms)


Started GET "/cats/4" for ::1 at 2019-04-02 16:47:32 -0700
Processing by CatsController#show as HTML
  Parameters: {"id"=>"4"}
  [1m[36mCat Load (0.6ms)[0m  [1m[34mSELECT  "cats".* FROM "cats" WHERE "cats"."id" = $1 LIMIT $2[0m  [["id", 4], ["LIMIT", 1]]
  ↳ app/controllers/cats_controller.rb:8
  Rendering cats/show.html.erb within layouts/application
  Rendered cats/show.html.erb within layouts/application (0.9ms)
Completed 200 OK in 30ms (Views: 27.7ms | ActiveRecord: 0.6ms)


Started GET "/cats/" for ::1 at 2019-04-02 16:47:39 -0700
Processing by CatsController#index as HTML
  Rendering cats/index.html.erb within layouts/application
  [1m[36mCat Load (0.5ms)[0m  [1m[34mSELECT "cats".* FROM "cats"[0m
  ↳ app/views/cats/index.html.erb:2
  Rendered cats/index.html.erb within layouts/application (2.7ms)
Completed 200 OK in 174ms (Views: 171.8ms | ActiveRecord: 0.5ms)


Started GET "/cats/4" for ::1 at 2019-04-02 16:47:41 -0700
Processing by CatsController#show as HTML
  Parameters: {"id"=>"4"}
  [1m[36mCat Load (0.5ms)[0m  [1m[34mSELECT  "cats".* FROM "cats" WHERE "cats"."id" = $1 LIMIT $2[0m  [["id", 4], ["LIMIT", 1]]
  ↳ app/controllers/cats_controller.rb:8
  Rendering cats/show.html.erb within layouts/application
  Rendered cats/show.html.erb within layouts/application (0.8ms)
Completed 200 OK in 32ms (Views: 30.3ms | ActiveRecord: 0.5ms)


Started GET "/cats/new" for ::1 at 2019-04-02 16:49:26 -0700
Processing by CatsController#new as HTML
  Rendering cats/new.html.erb within layouts/application
  Rendered cats/_form.html.erb (2.3ms)
  Rendered cats/new.html.erb within layouts/application (7.4ms)
Completed 200 OK in 297ms (Views: 296.1ms | ActiveRecord: 0.0ms)


Started GET "/cats/4/edit" for ::1 at 2019-04-02 16:49:34 -0700
Processing by CatsController#edit as HTML
  Parameters: {"id"=>"4"}
  [1m[36mCat Load (1.9ms)[0m  [1m[34mSELECT  "cats".* FROM "cats" WHERE "cats"."id" = $1 LIMIT $2[0m  [["id", 4], ["LIMIT", 1]]
  ↳ app/controllers/cats_controller.rb:31
  Rendering cats/edit.html.erb within layouts/application
  Rendered cats/_form.html.erb (2.3ms)
  Rendered cats/edit.html.erb within layouts/application (6.6ms)
Completed 200 OK in 46ms (Views: 42.1ms | ActiveRecord: 1.9ms)


  [1m[35m (0.4ms)[0m  [1m[34mSELECT pg_try_advisory_lock(782232805093510260)[0m
  ↳ bin/rails:9
  [1m[35m (30.4ms)[0m  [1m[34mSELECT "schema_migrations"."version" FROM "schema_migrations" ORDER BY "schema_migrations"."version" ASC[0m
  ↳ bin/rails:9
Migrating to CreateCatRentalRequests (20190402235112)
  [1m[35m (0.3ms)[0m  [1m[35mBEGIN[0m
  ↳ bin/rails:9
  [1m[35m (70.4ms)[0m  [1m[35mCREATE TABLE "cat_rental_requests" ("id" bigserial primary key, "cat_id" integer NOT NULL, "start_date" date NOT NULL, "end_date" date NOT NULL, "status" character varying DEFAULT 'PENDING' NOT NULL, "created_at" timestamp NOT NULL, "updated_at" timestamp NOT NULL)[0m
  ↳ db/migrate/20190402235112_create_cat_rental_requests.rb:3
  [1m[35m (1.5ms)[0m  [1m[35mCREATE  INDEX  "index_cat_rental_requests_on_cat_id" ON "cat_rental_requests"  ("cat_id")[0m
  ↳ db/migrate/20190402235112_create_cat_rental_requests.rb:11
  [1m[36mActiveRecord::SchemaMigration Create (1.0ms)[0m  [1m[32mINSERT INTO "schema_migrations" ("version") VALUES ($1) RETURNING "version"[0m  [["version", "20190402235112"]]
  ↳ bin/rails:9
  [1m[35m (12.0ms)[0m  [1m[35mCOMMIT[0m
  ↳ bin/rails:9
  [1m[36mActiveRecord::InternalMetadata Load (14.9ms)[0m  [1m[34mSELECT  "ar_internal_metadata".* FROM "ar_internal_metadata" WHERE "ar_internal_metadata"."key" = $1 LIMIT $2[0m  [["key", "environment"], ["LIMIT", 1]]
  ↳ bin/rails:9
  [1m[35m (0.2ms)[0m  [1m[35mBEGIN[0m
  ↳ bin/rails:9
  [1m[35m (0.2ms)[0m  [1m[35mCOMMIT[0m
  ↳ bin/rails:9
  [1m[35m (0.3ms)[0m  [1m[34mSELECT pg_advisory_unlock(782232805093510260)[0m
  ↳ bin/rails:9
  [1m[35m (0.5ms)[0m  [1m[34mSELECT "schema_migrations"."version" FROM "schema_migrations" ORDER BY "schema_migrations"."version" ASC[0m
  ↳ bin/rails:9
  [1m[36mCat Load (16.1ms)[0m  [1m[34mSELECT  "cats".* FROM "cats" WHERE "cats"."id" = $1 LIMIT $2[0m  [["id", 1], ["LIMIT", 1]]
  [1m[36mCatRentalRequest Load (55.5ms)[0m  [1m[34mSELECT "cat_rental_requests"."start_date", "cat_rental_requests"."end_date" FROM "cat_rental_requests" WHERE (    cat_id = 1 AND 
    ((start_date <= '2019-04-02' AND start_date >= '2014-04-03') OR
    (end_date >= '2019-04-02' AND start_date <= '2019-04-02'))
)[0m
  [1m[35m (0.3ms)[0m  [1m[35mBEGIN[0m
  [1m[36mCat Load (0.4ms)[0m  [1m[34mSELECT  "cats".* FROM "cats" WHERE "cats"."id" = $1 LIMIT $2[0m  [["id", 1], ["LIMIT", 1]]
  [1m[36mCatRentalRequest Create (1.4ms)[0m  [1m[32mINSERT INTO "cat_rental_requests" ("cat_id", "start_date", "end_date", "status", "created_at", "updated_at") VALUES ($1, $2, $3, $4, $5, $6) RETURNING "id"[0m  [["cat_id", 1], ["start_date", "2014-04-03"], ["end_date", "2019-04-02"], ["status", "APPROVED"], ["created_at", "2019-04-03 00:29:48.719740"], ["updated_at", "2019-04-03 00:29:48.719740"]]
  [1m[35m (21.9ms)[0m  [1m[35mCOMMIT[0m
  [1m[36mCatRentalRequest Load (44.3ms)[0m  [1m[34mSELECT "cat_rental_requests"."start_date", "cat_rental_requests"."end_date" FROM "cat_rental_requests" WHERE (    cat_id = 1 AND 
    ((start_date <= '2019-04-02' AND start_date >= '2014-04-03') OR
    (end_date >= '2019-04-02' AND start_date <= '2019-04-02'))
)[0m
  [1m[36mCatRentalRequest Load (1.5ms)[0m  [1m[34mSELECT "cat_rental_requests"."start_date", "cat_rental_requests"."end_date" FROM "cat_rental_requests" WHERE (    cat_id = 1 AND 
    ((start_date <= '2019-04-02' AND start_date >= '2014-04-03') OR
    (end_date >= '2019-04-02' AND start_date <= '2019-04-02'))
) AND "cat_rental_requests"."status" = $1[0m  [["status", "APPROVED"]]
